Removed Member From Class: ClassName=lumiere_ctrl_shematic Member=LED Driver 1
Removed Member From Class: ClassName=lumiere_ctrl_shematic Member=LED Driver 2
Removed Member From Class: ClassName=lumiere_ctrl_shematic Member=LED Driver 3
Removed Member From Class: ClassName=lumiere_ctrl_shematic Member=LED Driver 4
Removed Member From Class: ClassName=lumiere_ctrl_shematic Member=LED Driver 5
Removed Member From Class: ClassName=lumiere_ctrl_shematic Member=LED Driver 6
Added Component: Designator=P5(HDR1X7)
Add component. Clean all parameters for all variants
Add component (AddParameter): Name = "LatestRevisionDate"; Value = "17-Jul-2002"; VariantName = "[No Variations]"
Add component (AddParameter): Name = "LatestRevisionNote"; Value = "Re-released for DXP Platform."; VariantName = "[No Variations]"
Add component (AddParameter): Name = "Publisher"; Value = "Altium Limited"; VariantName = "[No Variations]"
Added Component: Designator=P6(HDR1X7)
Add component. Clean all parameters for all variants
Add component (AddParameter): Name = "LatestRevisionDate"; Value = "17-Jul-2002"; VariantName = "[No Variations]"
Add component (AddParameter): Name = "LatestRevisionNote"; Value = "Re-released for DXP Platform."; VariantName = "[No Variations]"
Add component (AddParameter): Name = "Publisher"; Value = "Altium Limited"; VariantName = "[No Variations]"
Added Component: Designator=P7(HDR1X7)
Add component. Clean all parameters for all variants
Add component (AddParameter): Name = "LatestRevisionDate"; Value = "17-Jul-2002"; VariantName = "[No Variations]"
Add component (AddParameter): Name = "LatestRevisionNote"; Value = "Re-released for DXP Platform."; VariantName = "[No Variations]"
Add component (AddParameter): Name = "Publisher"; Value = "Altium Limited"; VariantName = "[No Variations]"
Added Component: Designator=P8(HDR1X7)
Add component. Clean all parameters for all variants
Add component (AddParameter): Name = "LatestRevisionDate"; Value = "17-Jul-2002"; VariantName = "[No Variations]"
Add component (AddParameter): Name = "LatestRevisionNote"; Value = "Re-released for DXP Platform."; VariantName = "[No Variations]"
Add component (AddParameter): Name = "Publisher"; Value = "Altium Limited"; VariantName = "[No Variations]"
Added Component: Designator=P9(HDR1X7)
Add component. Clean all parameters for all variants
Add component (AddParameter): Name = "LatestRevisionDate"; Value = "17-Jul-2002"; VariantName = "[No Variations]"
Add component (AddParameter): Name = "LatestRevisionNote"; Value = "Re-released for DXP Platform."; VariantName = "[No Variations]"
Add component (AddParameter): Name = "Publisher"; Value = "Altium Limited"; VariantName = "[No Variations]"
Added Component: Designator=P10(HDR1X7)
Add component. Clean all parameters for all variants
Add component (AddParameter): Name = "LatestRevisionDate"; Value = "17-Jul-2002"; VariantName = "[No Variations]"
Add component (AddParameter): Name = "LatestRevisionNote"; Value = "Re-released for DXP Platform."; VariantName = "[No Variations]"
Add component (AddParameter): Name = "Publisher"; Value = "Altium Limited"; VariantName = "[No Variations]"
Added Pin To Net: NetName=Gnd Pin=P5-1
Added Pin To Net: NetName=Vin+ Pin=P5-3
Added Pin To Net: NetName=Ref_LED_1 Pin=P5-4
Added Pin To Net: NetName=Ctrl_LED_1 Pin=P5-5
Added Pin To Net: NetName=LED-1 Pin=P5-6
Added Pin To Net: NetName=LED+1 Pin=P5-7
Added Pin To Net: NetName=Vin- Pin=P6-1
Added Pin To Net: NetName=Vin+ Pin=P6-3
Added Pin To Net: NetName=Ref_LED_2 Pin=P6-4
Added Pin To Net: NetName=Ctrl_LED_2 Pin=P6-5
Added Pin To Net: NetName=LED-2 Pin=P6-6
Added Pin To Net: NetName=LED+2 Pin=P6-7
Added Pin To Net: NetName=Gnd Pin=P7-1
Added Pin To Net: NetName=Vin+ Pin=P7-3
Added Pin To Net: NetName=Ref_LED_3 Pin=P7-4
Added Pin To Net: NetName=Ctrl_LED_3 Pin=P7-5
Added Pin To Net: NetName=LED-3 Pin=P7-6
Added Pin To Net: NetName=LED+3 Pin=P7-7
Added Pin To Net: NetName=Gnd Pin=P8-1
Added Pin To Net: NetName=Vin+ Pin=P8-3
Added Pin To Net: NetName=Ref_LED_4 Pin=P8-4
Added Pin To Net: NetName=Ctrl_LED_4 Pin=P8-5
Added Pin To Net: NetName=LED-4 Pin=P8-6
Added Pin To Net: NetName=LED+4 Pin=P8-7
Added Pin To Net: NetName=Gnd Pin=P9-1
Added Pin To Net: NetName=Vin+ Pin=P9-3
Added Pin To Net: NetName=Ref_LED_5 Pin=P9-4
Added Pin To Net: NetName=Ctrl_LED_5 Pin=P9-5
Added Pin To Net: NetName=LED-5 Pin=P9-6
Added Pin To Net: NetName=LED+5 Pin=P9-7
Added Pin To Net: NetName=Gnd Pin=P10-1
Added Pin To Net: NetName=Vin+ Pin=P10-3
Added Pin To Net: NetName=Ref_LED_6 Pin=P10-4
Added Pin To Net: NetName=Ctrl_LED_6 Pin=P10-5
Added Pin To Net: NetName=LED-6 Pin=P10-6
Added Pin To Net: NetName=LED+6 Pin=P10-7
Added Member To Class: ClassName=lumiere_ctrl_shematic Member=Component P5 Header 7
Added Member To Class: ClassName=lumiere_ctrl_shematic Member=Component P6 Header 7
Added Member To Class: ClassName=lumiere_ctrl_shematic Member=Component P7 Header 7
Added Member To Class: ClassName=lumiere_ctrl_shematic Member=Component P8 Header 7
Added Member To Class: ClassName=lumiere_ctrl_shematic Member=Component P9 Header 7
Added Member To Class: ClassName=lumiere_ctrl_shematic Member=Component P10 Header 7
Added Room: Name=lumiere_ctrl_shematic
