Removed Pin From Net: NetName=Ctrl_LED_6 Pin=U7-1
Removed Pin From Net: NetName=Ref_LED_6 Pin=U7-2
Removed Pin From Net: NetName=Ref_LED_6 Pin=U7-3
Removed Pin From Net: NetName=Gnd Pin=U7-4
Removed Pin From Net: NetName=CS Pin=U7-5
Removed Pin From Net: NetName=VDD Pin=U7-6
Removed Pin From Net: NetName=MOSI Pin=U7-7
Removed Pin From Net: NetName=CLK Pin=U7-8
Removed Pin From Net: NetName=Gnd Pin=U7-9
Removed Pin From Net: NetName=Ref_LED_1 Pin=U7-10
Removed Pin From Net: NetName=Ref_LED_1 Pin=U7-11
Removed Pin From Net: NetName=Ctrl_LED_1 Pin=U7-12
Removed Pin From Net: NetName=Ref_LED_3 Pin=U7-13
Removed Pin From Net: NetName=Ref_LED_3 Pin=U7-14
Removed Pin From Net: NetName=Ctrl_LED_3 Pin=U7-15
Removed Pin From Net: NetName=Ref_LED_2 Pin=U7-16
Removed Pin From Net: NetName=Ref_LED_2 Pin=U7-17
Removed Pin From Net: NetName=Ctrl_LED_2 Pin=U7-18
Removed Pin From Net: NetName=Ctrl_LED_5 Pin=U7-19
Removed Pin From Net: NetName=Ref_LED_5 Pin=U7-20
Removed Pin From Net: NetName=Ref_LED_5 Pin=U7-21
Removed Pin From Net: NetName=Ctrl_LED_4 Pin=U7-22
Removed Pin From Net: NetName=Ref_LED_4 Pin=U7-23
Removed Pin From Net: NetName=Ref_LED_4 Pin=U7-24
Removed Member From Class: ClassName=lumiere_ctrl_shematic Member=U7
Added Member To Class: ClassName=lumiere_ctrl_shematic Member=Component C2 CapSMD
Added Room: Name=lumiere_ctrl_shematic
