Removed Pin From Net: NetName=Vin+ Pin=P2-1
Removed Pin From Net: NetName=Gnd Pin=P2-2
Removed Pin From Net: NetName=VDD Pin=P3-1
Removed Pin From Net: NetName=MOSI Pin=P3-2
Removed Pin From Net: NetName=CLK Pin=P3-3
Removed Pin From Net: NetName=CS Pin=P3-4
Removed Pin From Net: NetName=Gnd Pin=P3-5
Removed Member From Class: ClassName=lumiere_ctrl_shematic Member=P2
Removed Member From Class: ClassName=lumiere_ctrl_shematic Member=P3
Added Component: Designator=P5(Terminal block 6 pos)
Add component. Clean all parameters for all variants
Add component (AddParameter): Name = "LatestRevisionDate"; Value = "17-Jul-2002"; VariantName = "[No Variations]"
Add component (AddParameter): Name = "LatestRevisionNote"; Value = "Re-released for DXP Platform."; VariantName = "[No Variations]"
Add component (AddParameter): Name = "Publisher"; Value = "Altium Limited"; VariantName = "[No Variations]"
Added Pin To Net: NetName=VDD Pin=P5-1
Added Pin To Net: NetName=MOSI Pin=P5-2
Added Pin To Net: NetName=CLK Pin=P5-3
Added Pin To Net: NetName=CS Pin=P5-4
Added Pin To Net: NetName=Gnd Pin=P5-5
Added Pin To Net: NetName=Vin+ Pin=P5-6
Added Member To Class: ClassName=lumiere_ctrl_shematic Member=Component P5 Header 8
Added Room: Name=lumiere_ctrl_shematic
