Removed Pin From Net: NetName=VDD Pin=P5-1
Removed Pin From Net: NetName=MOSI Pin=P5-2
Removed Pin From Net: NetName=CLK Pin=P5-3
Removed Pin From Net: NetName=CS Pin=P5-4
Removed Pin From Net: NetName=Gnd Pin=P5-5
Removed Pin From Net: NetName=Vin+ Pin=P5-6
Removed Pin From Net: NetName=Vin+ Pin=P6-3
Removed Pin From Net: NetName=Vin+ Pin=P7-3
Removed Pin From Net: NetName=Vin+ Pin=P8-3
Removed Pin From Net: NetName=Vin+ Pin=P9-3
Removed Pin From Net: NetName=Vin+ Pin=P10-3
Removed Pin From Net: NetName=Vin+ Pin=P11-3
Change Component Footprint: Designator=P5 Old Footprint=TERMINAL BLOCK 6 POS New Footprint=HDR1X5
Change Component Comment : Designator=P5 Old Comment=Header 6 New Comment=Header 5
Added Component: Designator=P2(Terminal block 9 pos)
Add component. Clean all parameters for all variants
Add component (AddParameter): Name = "LatestRevisionDate"; Value = "17-Jul-2002"; VariantName = "[No Variations]"
Add component (AddParameter): Name = "LatestRevisionNote"; Value = "Re-released for DXP Platform."; VariantName = "[No Variations]"
Add component (AddParameter): Name = "Publisher"; Value = "Altium Limited"; VariantName = "[No Variations]"
Added Pin To Net: NetName=Gnd Pin=P2-7
Added Pin To Net: NetName=Gnd Pin=P2-8
Added Pin To Net: NetName=VDD Pin=P2-9
Added Pin To Net: NetName=Gnd Pin=P5-1
Added Pin To Net: NetName=VDD Pin=P5-2
Added Pin To Net: NetName=MOSI Pin=P5-3
Added Pin To Net: NetName=CLK Pin=P5-4
Added Pin To Net: NetName=CS Pin=P5-5
Added Pin To Net: NetName=Vin1 Pin=P2-1
Added Pin To Net: NetName=Vin1 Pin=P6-3
Added Net: Name=Vin1
Added Pin To Net: NetName=Vin2 Pin=P2-2
Added Pin To Net: NetName=Vin2 Pin=P7-3
Added Net: Name=Vin2
Added Pin To Net: NetName=Vin3 Pin=P2-3
Added Pin To Net: NetName=Vin3 Pin=P8-3
Added Net: Name=Vin3
Added Pin To Net: NetName=Vin4 Pin=P2-4
Added Pin To Net: NetName=Vin4 Pin=P9-3
Added Net: Name=Vin4
Added Pin To Net: NetName=Vin5 Pin=P2-5
Added Pin To Net: NetName=Vin5 Pin=P10-3
Added Net: Name=Vin5
Added Pin To Net: NetName=Vin6 Pin=P2-6
Added Pin To Net: NetName=Vin6 Pin=P11-3
Added Net: Name=Vin6
Added Member To Class: ClassName=lumiere_ctrl_shematic Member=Component P2 Header 9
Added Room: Name=lumiere_ctrl_shematic
