Removed Pin From Net: NetName=Vin+ Pin=C1-1
Removed Pin From Net: NetName=Gnd Pin=C1-2
Removed Pin From Net: NetName=Vin+ Pin=C2-1
Removed Pin From Net: NetName=Gnd Pin=C2-2
Removed Pin From Net: NetName=Vin+ Pin=C3-1
Removed Pin From Net: NetName=Gnd Pin=C3-2
Removed Pin From Net: NetName=Vin+ Pin=C4-1
Removed Pin From Net: NetName=Gnd Pin=C4-2
Change Component Footprint: Designator=C1 Old Footprint=1206 New Footprint=CC1206N
Change Component Footprint: Designator=C2 Old Footprint=1206 New Footprint=CC1206N
Change Component Footprint: Designator=C3 Old Footprint=1206 New Footprint=CC1206N
Change Component Footprint: Designator=C4 Old Footprint=1206 New Footprint=CC1206N
Added Pin To Net: NetName=Gnd Pin=C1-1
Added Pin To Net: NetName=Vin+ Pin=C1-2
Added Pin To Net: NetName=Gnd Pin=C2-1
Added Pin To Net: NetName=Vin+ Pin=C2-2
Added Pin To Net: NetName=Gnd Pin=C3-1
Added Pin To Net: NetName=Vin+ Pin=C3-2
Added Pin To Net: NetName=Gnd Pin=C4-1
Added Pin To Net: NetName=Vin+ Pin=C4-2
Added Room: Name=lumiere_ctrl_shematic
