Removed Pin From Net: NetName=NetQ1_1 Pin=Q1-1
Removed Pin From Net: NetName=Ctrl_LED_1 Pin=Q1-2
Removed Pin From Net: NetName=Ctrl_LED_1 Pin=Q1-2
Removed Pin From Net: NetName=Ref_LED_1 Pin=Q1-3
Removed Pin From Net: NetName=NetQ2_1 Pin=Q2-1
Removed Pin From Net: NetName=Ctrl_LED_2 Pin=Q2-2
Removed Pin From Net: NetName=Ctrl_LED_2 Pin=Q2-2
Removed Pin From Net: NetName=Ref_LED_2 Pin=Q2-3
Removed Pin From Net: NetName=NetQ3_1 Pin=Q3-1
Removed Pin From Net: NetName=Ctrl_LED_3 Pin=Q3-2
Removed Pin From Net: NetName=Ctrl_LED_3 Pin=Q3-2
Removed Pin From Net: NetName=Ref_LED_3 Pin=Q3-3
Removed Pin From Net: NetName=NetQ4_1 Pin=Q4-1
Removed Pin From Net: NetName=Ctrl_LED_4 Pin=Q4-2
Removed Pin From Net: NetName=Ctrl_LED_4 Pin=Q4-2
Removed Pin From Net: NetName=Ref_LED_4 Pin=Q4-3
Removed Pin From Net: NetName=NetQ5_1 Pin=Q5-1
Removed Pin From Net: NetName=Ctrl_LED_5 Pin=Q5-2
Removed Pin From Net: NetName=Ctrl_LED_5 Pin=Q5-2
Removed Pin From Net: NetName=Ref_LED_5 Pin=Q5-3
Removed Pin From Net: NetName=NetQ6_1 Pin=Q6-1
Removed Pin From Net: NetName=Ctrl_LED_6 Pin=Q6-2
Removed Pin From Net: NetName=Ctrl_LED_6 Pin=Q6-2
Removed Pin From Net: NetName=Ref_LED_6 Pin=Q6-3
Removed Member From Class: ClassName=lumiere_ctrl_shematic Member=Q1
Removed Member From Class: ClassName=lumiere_ctrl_shematic Member=Q2
Removed Member From Class: ClassName=lumiere_ctrl_shematic Member=Q3
Removed Member From Class: ClassName=lumiere_ctrl_shematic Member=Q4
Removed Member From Class: ClassName=lumiere_ctrl_shematic Member=Q5
Removed Member From Class: ClassName=lumiere_ctrl_shematic Member=Q6
Change Component Designator: OldDesignator=U1 NewDesignator=U7
Added Component: Designator=U1(SOT-23)
Add component. Clean all parameters for all variants
Add component (AddParameter): Name = "Built_By"; Value = "EMA_UL_Team"; VariantName = "[No Variations]"
Add component (AddParameter): Name = "C"; Value = "Copyright (C) 2015 Accelerated Designs. All rights reserved"; VariantName = "[No Variations]"
Add component (AddParameter): Name = "Manufacturer_Part_Number"; Value = "MMBT3906LT1G"; VariantName = "[No Variations]"
Add component (AddParameter): Name = "Value"; Value = "MMBT3906LT1G"; VariantName = "[No Variations]"
Add component (AddParameter): Name = "Vendor"; Value = "ON Semiconductor"; VariantName = "[No Variations]"
Added Component: Designator=U2(SOT-23)
Add component. Clean all parameters for all variants
Add component (AddParameter): Name = "Built_By"; Value = "EMA_UL_Team"; VariantName = "[No Variations]"
Add component (AddParameter): Name = "C"; Value = "Copyright (C) 2015 Accelerated Designs. All rights reserved"; VariantName = "[No Variations]"
Add component (AddParameter): Name = "Manufacturer_Part_Number"; Value = "MMBT3906LT1G"; VariantName = "[No Variations]"
Add component (AddParameter): Name = "Value"; Value = "MMBT3906LT1G"; VariantName = "[No Variations]"
Add component (AddParameter): Name = "Vendor"; Value = "ON Semiconductor"; VariantName = "[No Variations]"
Added Component: Designator=U3(SOT-23)
Add component. Clean all parameters for all variants
Add component (AddParameter): Name = "Built_By"; Value = "EMA_UL_Team"; VariantName = "[No Variations]"
Add component (AddParameter): Name = "C"; Value = "Copyright (C) 2015 Accelerated Designs. All rights reserved"; VariantName = "[No Variations]"
Add component (AddParameter): Name = "Manufacturer_Part_Number"; Value = "MMBT3906LT1G"; VariantName = "[No Variations]"
Add component (AddParameter): Name = "Value"; Value = "MMBT3906LT1G"; VariantName = "[No Variations]"
Add component (AddParameter): Name = "Vendor"; Value = "ON Semiconductor"; VariantName = "[No Variations]"
Added Component: Designator=U4(SOT-23)
Add component. Clean all parameters for all variants
Add component (AddParameter): Name = "Built_By"; Value = "EMA_UL_Team"; VariantName = "[No Variations]"
Add component (AddParameter): Name = "C"; Value = "Copyright (C) 2015 Accelerated Designs. All rights reserved"; VariantName = "[No Variations]"
Add component (AddParameter): Name = "Manufacturer_Part_Number"; Value = "MMBT3906LT1G"; VariantName = "[No Variations]"
Add component (AddParameter): Name = "Value"; Value = "MMBT3906LT1G"; VariantName = "[No Variations]"
Add component (AddParameter): Name = "Vendor"; Value = "ON Semiconductor"; VariantName = "[No Variations]"
Added Component: Designator=U5(SOT-23)
Add component. Clean all parameters for all variants
Add component (AddParameter): Name = "Built_By"; Value = "EMA_UL_Team"; VariantName = "[No Variations]"
Add component (AddParameter): Name = "C"; Value = "Copyright (C) 2015 Accelerated Designs. All rights reserved"; VariantName = "[No Variations]"
Add component (AddParameter): Name = "Manufacturer_Part_Number"; Value = "MMBT3906LT1G"; VariantName = "[No Variations]"
Add component (AddParameter): Name = "Value"; Value = "MMBT3906LT1G"; VariantName = "[No Variations]"
Add component (AddParameter): Name = "Vendor"; Value = "ON Semiconductor"; VariantName = "[No Variations]"
Added Component: Designator=U6(SOT-23)
Add component. Clean all parameters for all variants
Add component (AddParameter): Name = "Built_By"; Value = "EMA_UL_Team"; VariantName = "[No Variations]"
Add component (AddParameter): Name = "C"; Value = "Copyright (C) 2015 Accelerated Designs. All rights reserved"; VariantName = "[No Variations]"
Add component (AddParameter): Name = "Manufacturer_Part_Number"; Value = "MMBT3906LT1G"; VariantName = "[No Variations]"
Add component (AddParameter): Name = "Value"; Value = "MMBT3906LT1G"; VariantName = "[No Variations]"
Add component (AddParameter): Name = "Vendor"; Value = "ON Semiconductor"; VariantName = "[No Variations]"
Added Pin To Net: NetName=NetQ1_1 Pin=U1-1
Added Pin To Net: NetName=Ref_LED_1 Pin=U1-2
Added Pin To Net: NetName=Ctrl_LED_1 Pin=U1-3
Added Pin To Net: NetName=NetQ2_1 Pin=U2-1
Added Pin To Net: NetName=Ref_LED_2 Pin=U2-2
Added Pin To Net: NetName=Ctrl_LED_2 Pin=U2-3
Added Pin To Net: NetName=NetQ3_1 Pin=U3-1
Added Pin To Net: NetName=Ref_LED_3 Pin=U3-2
Added Pin To Net: NetName=Ctrl_LED_3 Pin=U3-3
Added Pin To Net: NetName=NetQ4_1 Pin=U4-1
Added Pin To Net: NetName=Ref_LED_4 Pin=U4-2
Added Pin To Net: NetName=Ctrl_LED_4 Pin=U4-3
Added Pin To Net: NetName=NetQ5_1 Pin=U5-1
Added Pin To Net: NetName=Ref_LED_5 Pin=U5-2
Added Pin To Net: NetName=Ctrl_LED_5 Pin=U5-3
Added Pin To Net: NetName=NetQ6_1 Pin=U6-1
Added Pin To Net: NetName=Ref_LED_6 Pin=U6-2
Added Pin To Net: NetName=Ctrl_LED_6 Pin=U6-3
Change Net Name : Old Net Name=NetQ1_1 New Net Name=NetR1_1
Change Net Name : Old Net Name=NetQ2_1 New Net Name=NetR3_1
Change Net Name : Old Net Name=NetQ3_1 New Net Name=NetR5_1
Change Net Name : Old Net Name=NetQ4_1 New Net Name=NetR7_1
Change Net Name : Old Net Name=NetQ5_1 New Net Name=NetR9_1
Change Net Name : Old Net Name=NetQ6_1 New Net Name=NetR11_1
Added Member To Class: ClassName=lumiere_ctrl_shematic Member=Component U2 MMBT3906LT1G
Added Member To Class: ClassName=lumiere_ctrl_shematic Member=Component U3 MMBT3906LT1G
Added Member To Class: ClassName=lumiere_ctrl_shematic Member=Component U4 MMBT3906LT1G
Added Member To Class: ClassName=lumiere_ctrl_shematic Member=Component U5 MMBT3906LT1G
Added Member To Class: ClassName=lumiere_ctrl_shematic Member=Component U6 MMBT3906LT1G
Added Member To Class: ClassName=lumiere_ctrl_shematic Member=Component U7 AD5206BRUZ10-RL7
Added Room: Name=lumiere_ctrl_shematic
